<?xml version="1.0" encoding="UTF-8"?>
<testsuite name="ValidateTest" tests="1" skipped="0" failures="0" errors="0" timestamp="2021-11-03T06:45:11" hostname="DANILPC" time="0.043">
  <properties/>
  <testcase name="String validation ok" classname="ValidateTest" time="0.043"/>
  <system-out><![CDATA[]]></system-out>
  <system-err><![CDATA[]]></system-err>
</testsuite>
